[debug] [2022-11-21T14:29:43.241Z] ----------------------------------------------------------------------
[debug] [2022-11-21T14:29:43.251Z] Command:       C:\Program Files\nodejs\node.exe C:\Users\WALTON\AppData\Roaming\npm\node_modules\firebase-tools\lib\bin\firebase.js deploy
[debug] [2022-11-21T14:29:43.253Z] CLI Version:   11.15.0
[debug] [2022-11-21T14:29:43.254Z] Platform:      win32
[debug] [2022-11-21T14:29:43.254Z] Node Version:  v16.15.0
[debug] [2022-11-21T14:29:43.552Z] Time:          Mon Nov 21 2022 20:29:43 GMT+0600 (Bangladesh Standard Time)
[debug] [2022-11-21T14:29:43.552Z] ----------------------------------------------------------------------
[debug] 
[debug] [2022-11-21T14:29:43.787Z] > command requires scopes: ["email","openid","https://www.googleapis.com/auth/cloudplatformprojects.readonly","https://www.googleapis.com/auth/firebase","https://www.googleapis.com/auth/cloud-platform"]
[debug] [2022-11-21T14:29:43.788Z] > authorizing via signed-in user (rakibulhasan0641@gmail.com)
[debug] [2022-11-21T14:29:43.788Z] [iam] checking project doctors-portal-db217 for permissions ["firebase.projects.get","firebasehosting.sites.update"]
[debug] [2022-11-21T14:29:43.794Z] >>> [apiv2][query] POST https://cloudresourcemanager.googleapis.com/v1/projects/doctors-portal-db217:testIamPermissions [none]
[debug] [2022-11-21T14:29:43.795Z] >>> [apiv2][(partial)header] POST https://cloudresourcemanager.googleapis.com/v1/projects/doctors-portal-db217:testIamPermissions x-goog-quota-user=projects/doctors-portal-db217
[debug] [2022-11-21T14:29:43.795Z] >>> [apiv2][body] POST https://cloudresourcemanager.googleapis.com/v1/projects/doctors-portal-db217:testIamPermissions {"permissions":["firebase.projects.get","firebasehosting.sites.update"]}
[debug] [2022-11-21T14:29:46.556Z] <<< [apiv2][status] POST https://cloudresourcemanager.googleapis.com/v1/projects/doctors-portal-db217:testIamPermissions 200
[debug] [2022-11-21T14:29:46.557Z] <<< [apiv2][body] POST https://cloudresourcemanager.googleapis.com/v1/projects/doctors-portal-db217:testIamPermissions {"permissions":["firebase.projects.get","firebasehosting.sites.update"]}
[debug] [2022-11-21T14:29:46.563Z] >>> [apiv2][query] GET https://firebase.googleapis.com/v1beta1/projects/doctors-portal-db217 [none]
[debug] [2022-11-21T14:29:50.482Z] <<< [apiv2][status] GET https://firebase.googleapis.com/v1beta1/projects/doctors-portal-db217 200
[debug] [2022-11-21T14:29:50.482Z] <<< [apiv2][body] GET https://firebase.googleapis.com/v1beta1/projects/doctors-portal-db217 {"projectId":"doctors-portal-db217","projectNumber":"154659318217","displayName":"Doctors-Portal","name":"projects/doctors-portal-db217","resources":{"hostingSite":"doctors-portal-db217"},"state":"ACTIVE","etag":"1_cbbb2839-2deb-4db9-87c7-6bf46bcf8270"}
[info] 
[info] === Deploying to 'doctors-portal-db217'...
[info] 
[info] i  deploying hosting 
[debug] [2022-11-21T14:29:50.489Z] >>> [apiv2][query] POST https://firebasehosting.googleapis.com/v1beta1/projects/-/sites/doctors-portal-db217/versions [none]
[debug] [2022-11-21T14:29:50.489Z] >>> [apiv2][body] POST https://firebasehosting.googleapis.com/v1beta1/projects/-/sites/doctors-portal-db217/versions {"status":"CREATED","labels":{"deployment-tool":"cli-firebase"}}
[debug] [2022-11-21T14:29:54.811Z] <<< [apiv2][status] POST https://firebasehosting.googleapis.com/v1beta1/projects/-/sites/doctors-portal-db217/versions 200
[debug] [2022-11-21T14:29:54.812Z] <<< [apiv2][body] POST https://firebasehosting.googleapis.com/v1beta1/projects/-/sites/doctors-portal-db217/versions {"name":"projects/154659318217/sites/doctors-portal-db217/versions/9e22001790bb8ddc","status":"CREATED","config":{},"labels":{"deployment-tool":"cli-firebase"}}
[info] i  hosting[doctors-portal-db217]: beginning deploy... 
[info] i  hosting[doctors-portal-db217]: found 25 files in build 
[debug] [2022-11-21T14:29:54.890Z] [hosting] uploading with 200 concurrency
[debug] [2022-11-21T14:29:54.894Z] [hosting] hash cache [YnVpbGQ] not populated
[debug] [2022-11-21T14:29:55.959Z] [hosting] hash cache [YnVpbGQ] stored for 25 files
[debug] [2022-11-21T14:29:55.960Z] [hosting][hash queue][FINAL] {"max":1025,"min":97,"avg":165,"active":0,"complete":25,"success":25,"errored":0,"retried":0,"total":25,"elapsed":1059}
[debug] [2022-11-21T14:29:55.961Z] >>> [apiv2][query] POST https://firebasehosting.googleapis.com/v1beta1/projects/154659318217/sites/doctors-portal-db217/versions/9e22001790bb8ddc:populateFiles [none]
[debug] [2022-11-21T14:29:55.962Z] >>> [apiv2][body] POST https://firebasehosting.googleapis.com/v1beta1/projects/154659318217/sites/doctors-portal-db217/versions/9e22001790bb8ddc:populateFiles {"files":{"/asset-manifest.json":"b3a34ff627a34cdabd4a3500d42206da8867eff9c33c1d5abb5f0670c464eb6e","/index.html":"96616a25507a11355ab644d81f2fbd972de409aad67fa63b081da3566872c484","/manifest.json":"aff3449bdc238776f5d6d967f19ec491b36aed5fb7f23ccff6500736fd58494a","/logo192.png":"3ee59515172ee198f3be375979df15ac5345183e656720a381b8872b2a39dc8b","/robots.txt":"bfe106a3fb878dc83461c86818bf74fc1bdc7f28538ba613cd3e775516ce8b49","/static/js/787.9199b58a.chunk.js":"95d028d86374c3ac6a70e1c1a6d4b7f23f2f7d814e18bdbbb6b29c88a9c12585","/static/js/787.9199b58a.chunk.js.map":"efc06c66db2a55f6f7a6ad928a484c0031cf9ec6094fcbe8b0c9cc0924b55618","/static/js/main.dd9a6ae3.js.LICENSE.txt":"f621b4e7f4e61953028a8d52b85cfaaac237bfffcb40034341de36786ecc3b16","/static/css/main.59bb3cfa.css.map":"9337ef2411eee4f8cf77b488278b5a851309d88d3200406c74e812910517ced2","/static/media/clock.623246e126ee58a8d90f2460c08c0f6b.svg":"ef377e3669e8685adaa6e2ab509551b3f81f508dc16688315ab6b6c78f75631e","/static/media/marker.0bdab1635363afd723adbfe035c3358e.svg":"26dc49a46760bb6131e2c8ecb63058a6d18897b041f96300ad6676fca7ed2259","/static/media/phone.0b1c25f70938a97d59d5c7c1796f0b61.svg":"3721a668c78166ccd3b59a4b5de5715993b1d93cf60f92ec0c2ac6fba0cee200","/static/media/quote.87e2bfcfdd22cf5584bc95a97e0a8433.svg":"ba8723cec75cb9c7631448472123104abefcc384a3e34895857631d2ce12bbe8","/logo512.png":"ee7e2f3fdb8209c4b6fd7bef6ba50d1b9dba30a25bb5c3126df057e1cb6f5331","/static/css/main.59bb3cfa.css":"a32637371d4582656890ae12c0ba6974ad38f7193f414df5f19e69a603243243","/appionmentOption.json":"37f25976f205ee9a927af3e49cb74fd107397250fd2bb4751ae55f8b0f15daa8","/favicon.ico":"eae62e993eb980ec8a25058c39d5a51feab118bd2100c4deebb2a9c158ec11f9","/static/media/doctor-small.58c1a45753a95337754c.png":"cb5d98d016287f978e10b37c56dc6d64a545a1af06a89dcd5f98bc213614bfaa","/static/media/chair.3ca333d1fa050f6e6eb4.png":"b612eade861cff5c89df42505ca28ff4a698e1439a7703e8d4fefd69e3fdf672","/static/media/treatment.4663af1929c734cd3854.png":"a58b36458ee046e34b82a6dbe35816a2f7f744ff8654e9ef3b26b715cecd7347","/static/media/bg.33b42bf92e2d9dd33b67.png":"3f049762b651db5bf54da4c48abe86092382bf2d7b61a6c600fe9c1913f99d6e","/static/media/footer.44c30585194ef96c686f.png":"988eaf7855170a86758d4b3b4eae40c9943df7277c8a1bd1d3b7b7473ab794ae","/static/js/main.dd9a6ae3.js":"181943aa7d4eeef4610c8fc86db996b01423e359fcf612e664b96a9aace4023e","/static/media/appointment.d0d01a86a1465e3f2562.png":"4d0454ebc1973291989ffd1d603324713d20fdf3a8785d50af9a5e4b6e1bbe4f","/static/js/main.dd9a6ae3.js.map":"4f4ffbeaecbe51a38b9c0c2e3393fbeb57ec2d1566c37f091fd8f2fff79666df"}}
[debug] [2022-11-21T14:29:57.498Z] <<< [apiv2][status] POST https://firebasehosting.googleapis.com/v1beta1/projects/154659318217/sites/doctors-portal-db217/versions/9e22001790bb8ddc:populateFiles 200
[debug] [2022-11-21T14:29:57.499Z] <<< [apiv2][body] POST https://firebasehosting.googleapis.com/v1beta1/projects/154659318217/sites/doctors-portal-db217/versions/9e22001790bb8ddc:populateFiles {"uploadRequiredHashes":["3ee59515172ee198f3be375979df15ac5345183e656720a381b8872b2a39dc8b","9337ef2411eee4f8cf77b488278b5a851309d88d3200406c74e812910517ced2","cb5d98d016287f978e10b37c56dc6d64a545a1af06a89dcd5f98bc213614bfaa","3f049762b651db5bf54da4c48abe86092382bf2d7b61a6c600fe9c1913f99d6e","4d0454ebc1973291989ffd1d603324713d20fdf3a8785d50af9a5e4b6e1bbe4f","b612eade861cff5c89df42505ca28ff4a698e1439a7703e8d4fefd69e3fdf672","a58b36458ee046e34b82a6dbe35816a2f7f744ff8654e9ef3b26b715cecd7347","ef377e3669e8685adaa6e2ab509551b3f81f508dc16688315ab6b6c78f75631e","bfe106a3fb878dc83461c86818bf74fc1bdc7f28538ba613cd3e775516ce8b49","b3a34ff627a34cdabd4a3500d42206da8867eff9c33c1d5abb5f0670c464eb6e","96616a25507a11355ab644d81f2fbd972de409aad67fa63b081da3566872c484","a32637371d4582656890ae12c0ba6974ad38f7193f414df5f19e69a603243243","37f25976f205ee9a927af3e49cb74fd107397250fd2bb4751ae55f8b0f15daa8","aff3449bdc238776f5d6d967f19ec491b36aed5fb7f23ccff6500736fd58494a","f621b4e7f4e61953028a8d52b85cfaaac237bfffcb40034341de36786ecc3b16","4f4ffbeaecbe51a38b9c0c2e3393fbeb57ec2d1566c37f091fd8f2fff79666df","efc06c66db2a55f6f7a6ad928a484c0031cf9ec6094fcbe8b0c9cc0924b55618","95d028d86374c3ac6a70e1c1a6d4b7f23f2f7d814e18bdbbb6b29c88a9c12585","26dc49a46760bb6131e2c8ecb63058a6d18897b041f96300ad6676fca7ed2259","eae62e993eb980ec8a25058c39d5a51feab118bd2100c4deebb2a9c158ec11f9","ba8723cec75cb9c7631448472123104abefcc384a3e34895857631d2ce12bbe8","ee7e2f3fdb8209c4b6fd7bef6ba50d1b9dba30a25bb5c3126df057e1cb6f5331","181943aa7d4eeef4610c8fc86db996b01423e359fcf612e664b96a9aace4023e","988eaf7855170a86758d4b3b4eae40c9943df7277c8a1bd1d3b7b7473ab794ae","3721a668c78166ccd3b59a4b5de5715993b1d93cf60f92ec0c2ac6fba0cee200"],"uploadUrl":"https://upload-firebasehosting.googleapis.com/upload/sites/doctors-portal-db217/versions/9e22001790bb8ddc/files"}
[debug] [2022-11-21T14:29:57.519Z] >>> [apiv2][query] POST https://upload-firebasehosting.googleapis.com/upload/sites/doctors-portal-db217/versions/9e22001790bb8ddc/files/3ee59515172ee198f3be375979df15ac5345183e656720a381b8872b2a39dc8b [none]
[debug] [2022-11-21T14:29:57.520Z] >>> [apiv2][body] POST https://upload-firebasehosting.googleapis.com/upload/sites/doctors-portal-db217/versions/9e22001790bb8ddc/files/3ee59515172ee198f3be375979df15ac5345183e656720a381b8872b2a39dc8b [stream]
[debug] [2022-11-21T14:29:57.524Z] >>> [apiv2][query] POST https://upload-firebasehosting.googleapis.com/upload/sites/doctors-portal-db217/versions/9e22001790bb8ddc/files/9337ef2411eee4f8cf77b488278b5a851309d88d3200406c74e812910517ced2 [none]
[debug] [2022-11-21T14:29:57.525Z] >>> [apiv2][body] POST https://upload-firebasehosting.googleapis.com/upload/sites/doctors-portal-db217/versions/9e22001790bb8ddc/files/9337ef2411eee4f8cf77b488278b5a851309d88d3200406c74e812910517ced2 [stream]
[debug] [2022-11-21T14:29:57.532Z] >>> [apiv2][query] POST https://upload-firebasehosting.googleapis.com/upload/sites/doctors-portal-db217/versions/9e22001790bb8ddc/files/cb5d98d016287f978e10b37c56dc6d64a545a1af06a89dcd5f98bc213614bfaa [none]
[debug] [2022-11-21T14:29:57.532Z] >>> [apiv2][body] POST https://upload-firebasehosting.googleapis.com/upload/sites/doctors-portal-db217/versions/9e22001790bb8ddc/files/cb5d98d016287f978e10b37c56dc6d64a545a1af06a89dcd5f98bc213614bfaa [stream]
[debug] [2022-11-21T14:29:57.536Z] >>> [apiv2][query] POST https://upload-firebasehosting.googleapis.com/upload/sites/doctors-portal-db217/versions/9e22001790bb8ddc/files/3f049762b651db5bf54da4c48abe86092382bf2d7b61a6c600fe9c1913f99d6e [none]
[debug] [2022-11-21T14:29:57.536Z] >>> [apiv2][body] POST https://upload-firebasehosting.googleapis.com/upload/sites/doctors-portal-db217/versions/9e22001790bb8ddc/files/3f049762b651db5bf54da4c48abe86092382bf2d7b61a6c600fe9c1913f99d6e [stream]
[debug] [2022-11-21T14:29:57.539Z] >>> [apiv2][query] POST https://upload-firebasehosting.googleapis.com/upload/sites/doctors-portal-db217/versions/9e22001790bb8ddc/files/4d0454ebc1973291989ffd1d603324713d20fdf3a8785d50af9a5e4b6e1bbe4f [none]
[debug] [2022-11-21T14:29:57.540Z] >>> [apiv2][body] POST https://upload-firebasehosting.googleapis.com/upload/sites/doctors-portal-db217/versions/9e22001790bb8ddc/files/4d0454ebc1973291989ffd1d603324713d20fdf3a8785d50af9a5e4b6e1bbe4f [stream]
[debug] [2022-11-21T14:29:57.544Z] >>> [apiv2][query] POST https://upload-firebasehosting.googleapis.com/upload/sites/doctors-portal-db217/versions/9e22001790bb8ddc/files/b612eade861cff5c89df42505ca28ff4a698e1439a7703e8d4fefd69e3fdf672 [none]
[debug] [2022-11-21T14:29:57.544Z] >>> [apiv2][body] POST https://upload-firebasehosting.googleapis.com/upload/sites/doctors-portal-db217/versions/9e22001790bb8ddc/files/b612eade861cff5c89df42505ca28ff4a698e1439a7703e8d4fefd69e3fdf672 [stream]
[debug] [2022-11-21T14:29:57.549Z] >>> [apiv2][query] POST https://upload-firebasehosting.googleapis.com/upload/sites/doctors-portal-db217/versions/9e22001790bb8ddc/files/a58b36458ee046e34b82a6dbe35816a2f7f744ff8654e9ef3b26b715cecd7347 [none]
[debug] [2022-11-21T14:29:57.549Z] >>> [apiv2][body] POST https://upload-firebasehosting.googleapis.com/upload/sites/doctors-portal-db217/versions/9e22001790bb8ddc/files/a58b36458ee046e34b82a6dbe35816a2f7f744ff8654e9ef3b26b715cecd7347 [stream]
[debug] [2022-11-21T14:29:57.553Z] >>> [apiv2][query] POST https://upload-firebasehosting.googleapis.com/upload/sites/doctors-portal-db217/versions/9e22001790bb8ddc/files/ef377e3669e8685adaa6e2ab509551b3f81f508dc16688315ab6b6c78f75631e [none]
[debug] [2022-11-21T14:29:57.553Z] >>> [apiv2][body] POST https://upload-firebasehosting.googleapis.com/upload/sites/doctors-portal-db217/versions/9e22001790bb8ddc/files/ef377e3669e8685adaa6e2ab509551b3f81f508dc16688315ab6b6c78f75631e [stream]
[debug] [2022-11-21T14:29:57.557Z] >>> [apiv2][query] POST https://upload-firebasehosting.googleapis.com/upload/sites/doctors-portal-db217/versions/9e22001790bb8ddc/files/bfe106a3fb878dc83461c86818bf74fc1bdc7f28538ba613cd3e775516ce8b49 [none]
[debug] [2022-11-21T14:29:57.558Z] >>> [apiv2][body] POST https://upload-firebasehosting.googleapis.com/upload/sites/doctors-portal-db217/versions/9e22001790bb8ddc/files/bfe106a3fb878dc83461c86818bf74fc1bdc7f28538ba613cd3e775516ce8b49 [stream]
[debug] [2022-11-21T14:29:57.562Z] >>> [apiv2][query] POST https://upload-firebasehosting.googleapis.com/upload/sites/doctors-portal-db217/versions/9e22001790bb8ddc/files/b3a34ff627a34cdabd4a3500d42206da8867eff9c33c1d5abb5f0670c464eb6e [none]
[debug] [2022-11-21T14:29:57.563Z] >>> [apiv2][body] POST https://upload-firebasehosting.googleapis.com/upload/sites/doctors-portal-db217/versions/9e22001790bb8ddc/files/b3a34ff627a34cdabd4a3500d42206da8867eff9c33c1d5abb5f0670c464eb6e [stream]
[debug] [2022-11-21T14:29:57.567Z] >>> [apiv2][query] POST https://upload-firebasehosting.googleapis.com/upload/sites/doctors-portal-db217/versions/9e22001790bb8ddc/files/96616a25507a11355ab644d81f2fbd972de409aad67fa63b081da3566872c484 [none]
[debug] [2022-11-21T14:29:57.567Z] >>> [apiv2][body] POST https://upload-firebasehosting.googleapis.com/upload/sites/doctors-portal-db217/versions/9e22001790bb8ddc/files/96616a25507a11355ab644d81f2fbd972de409aad67fa63b081da3566872c484 [stream]
[debug] [2022-11-21T14:29:57.571Z] >>> [apiv2][query] POST https://upload-firebasehosting.googleapis.com/upload/sites/doctors-portal-db217/versions/9e22001790bb8ddc/files/a32637371d4582656890ae12c0ba6974ad38f7193f414df5f19e69a603243243 [none]
[debug] [2022-11-21T14:29:57.571Z] >>> [apiv2][body] POST https://upload-firebasehosting.googleapis.com/upload/sites/doctors-portal-db217/versions/9e22001790bb8ddc/files/a32637371d4582656890ae12c0ba6974ad38f7193f414df5f19e69a603243243 [stream]
[debug] [2022-11-21T14:29:57.574Z] >>> [apiv2][query] POST https://upload-firebasehosting.googleapis.com/upload/sites/doctors-portal-db217/versions/9e22001790bb8ddc/files/37f25976f205ee9a927af3e49cb74fd107397250fd2bb4751ae55f8b0f15daa8 [none]
[debug] [2022-11-21T14:29:57.575Z] >>> [apiv2][body] POST https://upload-firebasehosting.googleapis.com/upload/sites/doctors-portal-db217/versions/9e22001790bb8ddc/files/37f25976f205ee9a927af3e49cb74fd107397250fd2bb4751ae55f8b0f15daa8 [stream]
[debug] [2022-11-21T14:29:57.577Z] >>> [apiv2][query] POST https://upload-firebasehosting.googleapis.com/upload/sites/doctors-portal-db217/versions/9e22001790bb8ddc/files/aff3449bdc238776f5d6d967f19ec491b36aed5fb7f23ccff6500736fd58494a [none]
[debug] [2022-11-21T14:29:57.578Z] >>> [apiv2][body] POST https://upload-firebasehosting.googleapis.com/upload/sites/doctors-portal-db217/versions/9e22001790bb8ddc/files/aff3449bdc238776f5d6d967f19ec491b36aed5fb7f23ccff6500736fd58494a [stream]
[debug] [2022-11-21T14:29:57.594Z] >>> [apiv2][query] POST https://upload-firebasehosting.googleapis.com/upload/sites/doctors-portal-db217/versions/9e22001790bb8ddc/files/f621b4e7f4e61953028a8d52b85cfaaac237bfffcb40034341de36786ecc3b16 [none]
[debug] [2022-11-21T14:29:57.594Z] >>> [apiv2][body] POST https://upload-firebasehosting.googleapis.com/upload/sites/doctors-portal-db217/versions/9e22001790bb8ddc/files/f621b4e7f4e61953028a8d52b85cfaaac237bfffcb40034341de36786ecc3b16 [stream]
[debug] [2022-11-21T14:29:57.598Z] >>> [apiv2][query] POST https://upload-firebasehosting.googleapis.com/upload/sites/doctors-portal-db217/versions/9e22001790bb8ddc/files/4f4ffbeaecbe51a38b9c0c2e3393fbeb57ec2d1566c37f091fd8f2fff79666df [none]
[debug] [2022-11-21T14:29:57.598Z] >>> [apiv2][body] POST https://upload-firebasehosting.googleapis.com/upload/sites/doctors-portal-db217/versions/9e22001790bb8ddc/files/4f4ffbeaecbe51a38b9c0c2e3393fbeb57ec2d1566c37f091fd8f2fff79666df [stream]
[debug] [2022-11-21T14:29:57.605Z] >>> [apiv2][query] POST https://upload-firebasehosting.googleapis.com/upload/sites/doctors-portal-db217/versions/9e22001790bb8ddc/files/efc06c66db2a55f6f7a6ad928a484c0031cf9ec6094fcbe8b0c9cc0924b55618 [none]
[debug] [2022-11-21T14:29:57.605Z] >>> [apiv2][body] POST https://upload-firebasehosting.googleapis.com/upload/sites/doctors-portal-db217/versions/9e22001790bb8ddc/files/efc06c66db2a55f6f7a6ad928a484c0031cf9ec6094fcbe8b0c9cc0924b55618 [stream]
[debug] [2022-11-21T14:29:57.607Z] >>> [apiv2][query] POST https://upload-firebasehosting.googleapis.com/upload/sites/doctors-portal-db217/versions/9e22001790bb8ddc/files/95d028d86374c3ac6a70e1c1a6d4b7f23f2f7d814e18bdbbb6b29c88a9c12585 [none]
[debug] [2022-11-21T14:29:57.607Z] >>> [apiv2][body] POST https://upload-firebasehosting.googleapis.com/upload/sites/doctors-portal-db217/versions/9e22001790bb8ddc/files/95d028d86374c3ac6a70e1c1a6d4b7f23f2f7d814e18bdbbb6b29c88a9c12585 [stream]
[debug] [2022-11-21T14:29:57.609Z] >>> [apiv2][query] POST https://upload-firebasehosting.googleapis.com/upload/sites/doctors-portal-db217/versions/9e22001790bb8ddc/files/26dc49a46760bb6131e2c8ecb63058a6d18897b041f96300ad6676fca7ed2259 [none]
[debug] [2022-11-21T14:29:57.610Z] >>> [apiv2][body] POST https://upload-firebasehosting.googleapis.com/upload/sites/doctors-portal-db217/versions/9e22001790bb8ddc/files/26dc49a46760bb6131e2c8ecb63058a6d18897b041f96300ad6676fca7ed2259 [stream]
[debug] [2022-11-21T14:29:57.612Z] >>> [apiv2][query] POST https://upload-firebasehosting.googleapis.com/upload/sites/doctors-portal-db217/versions/9e22001790bb8ddc/files/eae62e993eb980ec8a25058c39d5a51feab118bd2100c4deebb2a9c158ec11f9 [none]
[debug] [2022-11-21T14:29:57.612Z] >>> [apiv2][body] POST https://upload-firebasehosting.googleapis.com/upload/sites/doctors-portal-db217/versions/9e22001790bb8ddc/files/eae62e993eb980ec8a25058c39d5a51feab118bd2100c4deebb2a9c158ec11f9 [stream]
[debug] [2022-11-21T14:29:57.614Z] >>> [apiv2][query] POST https://upload-firebasehosting.googleapis.com/upload/sites/doctors-portal-db217/versions/9e22001790bb8ddc/files/ba8723cec75cb9c7631448472123104abefcc384a3e34895857631d2ce12bbe8 [none]
[debug] [2022-11-21T14:29:57.614Z] >>> [apiv2][body] POST https://upload-firebasehosting.googleapis.com/upload/sites/doctors-portal-db217/versions/9e22001790bb8ddc/files/ba8723cec75cb9c7631448472123104abefcc384a3e34895857631d2ce12bbe8 [stream]
[debug] [2022-11-21T14:29:57.615Z] >>> [apiv2][query] POST https://upload-firebasehosting.googleapis.com/upload/sites/doctors-portal-db217/versions/9e22001790bb8ddc/files/ee7e2f3fdb8209c4b6fd7bef6ba50d1b9dba30a25bb5c3126df057e1cb6f5331 [none]
[debug] [2022-11-21T14:29:57.615Z] >>> [apiv2][body] POST https://upload-firebasehosting.googleapis.com/upload/sites/doctors-portal-db217/versions/9e22001790bb8ddc/files/ee7e2f3fdb8209c4b6fd7bef6ba50d1b9dba30a25bb5c3126df057e1cb6f5331 [stream]
[debug] [2022-11-21T14:29:57.617Z] >>> [apiv2][query] POST https://upload-firebasehosting.googleapis.com/upload/sites/doctors-portal-db217/versions/9e22001790bb8ddc/files/181943aa7d4eeef4610c8fc86db996b01423e359fcf612e664b96a9aace4023e [none]
[debug] [2022-11-21T14:29:57.617Z] >>> [apiv2][body] POST https://upload-firebasehosting.googleapis.com/upload/sites/doctors-portal-db217/versions/9e22001790bb8ddc/files/181943aa7d4eeef4610c8fc86db996b01423e359fcf612e664b96a9aace4023e [stream]
[debug] [2022-11-21T14:29:57.618Z] >>> [apiv2][query] POST https://upload-firebasehosting.googleapis.com/upload/sites/doctors-portal-db217/versions/9e22001790bb8ddc/files/988eaf7855170a86758d4b3b4eae40c9943df7277c8a1bd1d3b7b7473ab794ae [none]
[debug] [2022-11-21T14:29:57.618Z] >>> [apiv2][body] POST https://upload-firebasehosting.googleapis.com/upload/sites/doctors-portal-db217/versions/9e22001790bb8ddc/files/988eaf7855170a86758d4b3b4eae40c9943df7277c8a1bd1d3b7b7473ab794ae [stream]
[debug] [2022-11-21T14:29:57.619Z] >>> [apiv2][query] POST https://upload-firebasehosting.googleapis.com/upload/sites/doctors-portal-db217/versions/9e22001790bb8ddc/files/3721a668c78166ccd3b59a4b5de5715993b1d93cf60f92ec0c2ac6fba0cee200 [none]
[debug] [2022-11-21T14:29:57.620Z] >>> [apiv2][body] POST https://upload-firebasehosting.googleapis.com/upload/sites/doctors-portal-db217/versions/9e22001790bb8ddc/files/3721a668c78166ccd3b59a4b5de5715993b1d93cf60f92ec0c2ac6fba0cee200 [stream]
[debug] [2022-11-21T14:29:57.621Z] [hosting][populate queue][FINAL] {"max":1570,"min":1570,"avg":1570,"active":0,"complete":1,"success":1,"errored":0,"retried":0,"total":1,"elapsed":1673}
[debug] [2022-11-21T14:29:57.621Z] [hosting] uploads queued: 25
[debug] [2022-11-21T14:30:02.916Z] <<< [apiv2][status] POST https://upload-firebasehosting.googleapis.com/upload/sites/doctors-portal-db217/versions/9e22001790bb8ddc/files/95d028d86374c3ac6a70e1c1a6d4b7f23f2f7d814e18bdbbb6b29c88a9c12585 200
[debug] [2022-11-21T14:30:02.916Z] <<< [apiv2][body] POST https://upload-firebasehosting.googleapis.com/upload/sites/doctors-portal-db217/versions/9e22001790bb8ddc/files/95d028d86374c3ac6a70e1c1a6d4b7f23f2f7d814e18bdbbb6b29c88a9c12585 [stream]
[debug] [2022-11-21T14:30:02.919Z] <<< [apiv2][status] POST https://upload-firebasehosting.googleapis.com/upload/sites/doctors-portal-db217/versions/9e22001790bb8ddc/files/ee7e2f3fdb8209c4b6fd7bef6ba50d1b9dba30a25bb5c3126df057e1cb6f5331 200
[debug] [2022-11-21T14:30:02.919Z] <<< [apiv2][body] POST https://upload-firebasehosting.googleapis.com/upload/sites/doctors-portal-db217/versions/9e22001790bb8ddc/files/ee7e2f3fdb8209c4b6fd7bef6ba50d1b9dba30a25bb5c3126df057e1cb6f5331 [stream]
[debug] [2022-11-21T14:30:03.818Z] <<< [apiv2][status] POST https://upload-firebasehosting.googleapis.com/upload/sites/doctors-portal-db217/versions/9e22001790bb8ddc/files/eae62e993eb980ec8a25058c39d5a51feab118bd2100c4deebb2a9c158ec11f9 200
[debug] [2022-11-21T14:30:03.818Z] <<< [apiv2][body] POST https://upload-firebasehosting.googleapis.com/upload/sites/doctors-portal-db217/versions/9e22001790bb8ddc/files/eae62e993eb980ec8a25058c39d5a51feab118bd2100c4deebb2a9c158ec11f9 [stream]
[debug] [2022-11-21T14:30:05.596Z] <<< [apiv2][status] POST https://upload-firebasehosting.googleapis.com/upload/sites/doctors-portal-db217/versions/9e22001790bb8ddc/files/bfe106a3fb878dc83461c86818bf74fc1bdc7f28538ba613cd3e775516ce8b49 200
[debug] [2022-11-21T14:30:05.596Z] <<< [apiv2][body] POST https://upload-firebasehosting.googleapis.com/upload/sites/doctors-portal-db217/versions/9e22001790bb8ddc/files/bfe106a3fb878dc83461c86818bf74fc1bdc7f28538ba613cd3e775516ce8b49 [stream]
[debug] [2022-11-21T14:30:05.599Z] <<< [apiv2][status] POST https://upload-firebasehosting.googleapis.com/upload/sites/doctors-portal-db217/versions/9e22001790bb8ddc/files/f621b4e7f4e61953028a8d52b85cfaaac237bfffcb40034341de36786ecc3b16 200
[debug] [2022-11-21T14:30:05.599Z] <<< [apiv2][body] POST https://upload-firebasehosting.googleapis.com/upload/sites/doctors-portal-db217/versions/9e22001790bb8ddc/files/f621b4e7f4e61953028a8d52b85cfaaac237bfffcb40034341de36786ecc3b16 [stream]
[debug] [2022-11-21T14:30:05.602Z] <<< [apiv2][status] POST https://upload-firebasehosting.googleapis.com/upload/sites/doctors-portal-db217/versions/9e22001790bb8ddc/files/26dc49a46760bb6131e2c8ecb63058a6d18897b041f96300ad6676fca7ed2259 200
[debug] [2022-11-21T14:30:05.602Z] <<< [apiv2][body] POST https://upload-firebasehosting.googleapis.com/upload/sites/doctors-portal-db217/versions/9e22001790bb8ddc/files/26dc49a46760bb6131e2c8ecb63058a6d18897b041f96300ad6676fca7ed2259 [stream]
[debug] [2022-11-21T14:30:05.611Z] <<< [apiv2][status] POST https://upload-firebasehosting.googleapis.com/upload/sites/doctors-portal-db217/versions/9e22001790bb8ddc/files/aff3449bdc238776f5d6d967f19ec491b36aed5fb7f23ccff6500736fd58494a 200
[debug] [2022-11-21T14:30:05.611Z] <<< [apiv2][body] POST https://upload-firebasehosting.googleapis.com/upload/sites/doctors-portal-db217/versions/9e22001790bb8ddc/files/aff3449bdc238776f5d6d967f19ec491b36aed5fb7f23ccff6500736fd58494a [stream]
[debug] [2022-11-21T14:30:09.373Z] <<< [apiv2][status] POST https://upload-firebasehosting.googleapis.com/upload/sites/doctors-portal-db217/versions/9e22001790bb8ddc/files/b3a34ff627a34cdabd4a3500d42206da8867eff9c33c1d5abb5f0670c464eb6e 200
[debug] [2022-11-21T14:30:09.373Z] <<< [apiv2][body] POST https://upload-firebasehosting.googleapis.com/upload/sites/doctors-portal-db217/versions/9e22001790bb8ddc/files/b3a34ff627a34cdabd4a3500d42206da8867eff9c33c1d5abb5f0670c464eb6e [stream]
[debug] [2022-11-21T14:30:09.502Z] [uploadQueue] Retrying task 37f25976f205ee9a927af3e49cb74fd107397250fd2bb4751ae55f8b0f15daa8
[debug] [2022-11-21T14:30:09.505Z] >>> [apiv2][query] POST https://upload-firebasehosting.googleapis.com/upload/sites/doctors-portal-db217/versions/9e22001790bb8ddc/files/37f25976f205ee9a927af3e49cb74fd107397250fd2bb4751ae55f8b0f15daa8 [none]
[debug] [2022-11-21T14:30:09.506Z] >>> [apiv2][body] POST https://upload-firebasehosting.googleapis.com/upload/sites/doctors-portal-db217/versions/9e22001790bb8ddc/files/37f25976f205ee9a927af3e49cb74fd107397250fd2bb4751ae55f8b0f15daa8 [stream]
[debug] [2022-11-21T14:30:09.681Z] <<< [apiv2][status] POST https://upload-firebasehosting.googleapis.com/upload/sites/doctors-portal-db217/versions/9e22001790bb8ddc/files/efc06c66db2a55f6f7a6ad928a484c0031cf9ec6094fcbe8b0c9cc0924b55618 200
[debug] [2022-11-21T14:30:09.681Z] <<< [apiv2][body] POST https://upload-firebasehosting.googleapis.com/upload/sites/doctors-portal-db217/versions/9e22001790bb8ddc/files/efc06c66db2a55f6f7a6ad928a484c0031cf9ec6094fcbe8b0c9cc0924b55618 [stream]
[debug] [2022-11-21T14:30:11.409Z] <<< [apiv2][status] POST https://upload-firebasehosting.googleapis.com/upload/sites/doctors-portal-db217/versions/9e22001790bb8ddc/files/ef377e3669e8685adaa6e2ab509551b3f81f508dc16688315ab6b6c78f75631e 200
[debug] [2022-11-21T14:30:11.409Z] <<< [apiv2][body] POST https://upload-firebasehosting.googleapis.com/upload/sites/doctors-portal-db217/versions/9e22001790bb8ddc/files/ef377e3669e8685adaa6e2ab509551b3f81f508dc16688315ab6b6c78f75631e [stream]
[debug] [2022-11-21T14:30:14.822Z] <<< [apiv2][status] POST https://upload-firebasehosting.googleapis.com/upload/sites/doctors-portal-db217/versions/9e22001790bb8ddc/files/3721a668c78166ccd3b59a4b5de5715993b1d93cf60f92ec0c2ac6fba0cee200 200
[debug] [2022-11-21T14:30:14.823Z] <<< [apiv2][body] POST https://upload-firebasehosting.googleapis.com/upload/sites/doctors-portal-db217/versions/9e22001790bb8ddc/files/3721a668c78166ccd3b59a4b5de5715993b1d93cf60f92ec0c2ac6fba0cee200 [stream]
[debug] [2022-11-21T14:30:15.277Z] <<< [apiv2][status] POST https://upload-firebasehosting.googleapis.com/upload/sites/doctors-portal-db217/versions/9e22001790bb8ddc/files/9337ef2411eee4f8cf77b488278b5a851309d88d3200406c74e812910517ced2 200
[debug] [2022-11-21T14:30:15.278Z] <<< [apiv2][body] POST https://upload-firebasehosting.googleapis.com/upload/sites/doctors-portal-db217/versions/9e22001790bb8ddc/files/9337ef2411eee4f8cf77b488278b5a851309d88d3200406c74e812910517ced2 [stream]
[debug] [2022-11-21T14:30:15.330Z] <<< [apiv2][status] POST https://upload-firebasehosting.googleapis.com/upload/sites/doctors-portal-db217/versions/9e22001790bb8ddc/files/96616a25507a11355ab644d81f2fbd972de409aad67fa63b081da3566872c484 200
[debug] [2022-11-21T14:30:15.330Z] <<< [apiv2][body] POST https://upload-firebasehosting.googleapis.com/upload/sites/doctors-portal-db217/versions/9e22001790bb8ddc/files/96616a25507a11355ab644d81f2fbd972de409aad67fa63b081da3566872c484 [stream]
[debug] [2022-11-21T14:30:15.334Z] <<< [apiv2][status] POST https://upload-firebasehosting.googleapis.com/upload/sites/doctors-portal-db217/versions/9e22001790bb8ddc/files/3ee59515172ee198f3be375979df15ac5345183e656720a381b8872b2a39dc8b 200
[debug] [2022-11-21T14:30:15.337Z] <<< [apiv2][body] POST https://upload-firebasehosting.googleapis.com/upload/sites/doctors-portal-db217/versions/9e22001790bb8ddc/files/3ee59515172ee198f3be375979df15ac5345183e656720a381b8872b2a39dc8b [stream]
[debug] [2022-11-21T14:30:15.815Z] <<< [apiv2][status] POST https://upload-firebasehosting.googleapis.com/upload/sites/doctors-portal-db217/versions/9e22001790bb8ddc/files/a32637371d4582656890ae12c0ba6974ad38f7193f414df5f19e69a603243243 200
[debug] [2022-11-21T14:30:15.815Z] <<< [apiv2][body] POST https://upload-firebasehosting.googleapis.com/upload/sites/doctors-portal-db217/versions/9e22001790bb8ddc/files/a32637371d4582656890ae12c0ba6974ad38f7193f414df5f19e69a603243243 [stream]
[debug] [2022-11-21T14:30:18.312Z] <<< [apiv2][status] POST https://upload-firebasehosting.googleapis.com/upload/sites/doctors-portal-db217/versions/9e22001790bb8ddc/files/ba8723cec75cb9c7631448472123104abefcc384a3e34895857631d2ce12bbe8 200
[debug] [2022-11-21T14:30:18.312Z] <<< [apiv2][body] POST https://upload-firebasehosting.googleapis.com/upload/sites/doctors-portal-db217/versions/9e22001790bb8ddc/files/ba8723cec75cb9c7631448472123104abefcc384a3e34895857631d2ce12bbe8 [stream]
[debug] [2022-11-21T14:30:27.918Z] [uploadQueue] Retrying task cb5d98d016287f978e10b37c56dc6d64a545a1af06a89dcd5f98bc213614bfaa
[debug] [2022-11-21T14:30:27.921Z] >>> [apiv2][query] POST https://upload-firebasehosting.googleapis.com/upload/sites/doctors-portal-db217/versions/9e22001790bb8ddc/files/cb5d98d016287f978e10b37c56dc6d64a545a1af06a89dcd5f98bc213614bfaa [none]
[debug] [2022-11-21T14:30:27.921Z] >>> [apiv2][body] POST https://upload-firebasehosting.googleapis.com/upload/sites/doctors-portal-db217/versions/9e22001790bb8ddc/files/cb5d98d016287f978e10b37c56dc6d64a545a1af06a89dcd5f98bc213614bfaa [stream]
[debug] [2022-11-21T14:30:27.925Z] [uploadQueue] Retrying task 3f049762b651db5bf54da4c48abe86092382bf2d7b61a6c600fe9c1913f99d6e
[debug] [2022-11-21T14:30:27.927Z] >>> [apiv2][query] POST https://upload-firebasehosting.googleapis.com/upload/sites/doctors-portal-db217/versions/9e22001790bb8ddc/files/3f049762b651db5bf54da4c48abe86092382bf2d7b61a6c600fe9c1913f99d6e [none]
[debug] [2022-11-21T14:30:27.927Z] >>> [apiv2][body] POST https://upload-firebasehosting.googleapis.com/upload/sites/doctors-portal-db217/versions/9e22001790bb8ddc/files/3f049762b651db5bf54da4c48abe86092382bf2d7b61a6c600fe9c1913f99d6e [stream]
[debug] [2022-11-21T14:30:27.931Z] [uploadQueue] Retrying task 4d0454ebc1973291989ffd1d603324713d20fdf3a8785d50af9a5e4b6e1bbe4f
[debug] [2022-11-21T14:30:27.932Z] >>> [apiv2][query] POST https://upload-firebasehosting.googleapis.com/upload/sites/doctors-portal-db217/versions/9e22001790bb8ddc/files/4d0454ebc1973291989ffd1d603324713d20fdf3a8785d50af9a5e4b6e1bbe4f [none]
[debug] [2022-11-21T14:30:27.933Z] >>> [apiv2][body] POST https://upload-firebasehosting.googleapis.com/upload/sites/doctors-portal-db217/versions/9e22001790bb8ddc/files/4d0454ebc1973291989ffd1d603324713d20fdf3a8785d50af9a5e4b6e1bbe4f [stream]
[debug] [2022-11-21T14:30:27.937Z] [uploadQueue] Retrying task b612eade861cff5c89df42505ca28ff4a698e1439a7703e8d4fefd69e3fdf672
[debug] [2022-11-21T14:30:27.940Z] >>> [apiv2][query] POST https://upload-firebasehosting.googleapis.com/upload/sites/doctors-portal-db217/versions/9e22001790bb8ddc/files/b612eade861cff5c89df42505ca28ff4a698e1439a7703e8d4fefd69e3fdf672 [none]
[debug] [2022-11-21T14:30:27.940Z] >>> [apiv2][body] POST https://upload-firebasehosting.googleapis.com/upload/sites/doctors-portal-db217/versions/9e22001790bb8ddc/files/b612eade861cff5c89df42505ca28ff4a698e1439a7703e8d4fefd69e3fdf672 [stream]
[debug] [2022-11-21T14:30:27.944Z] [uploadQueue] Retrying task a58b36458ee046e34b82a6dbe35816a2f7f744ff8654e9ef3b26b715cecd7347
[debug] [2022-11-21T14:30:27.949Z] >>> [apiv2][query] POST https://upload-firebasehosting.googleapis.com/upload/sites/doctors-portal-db217/versions/9e22001790bb8ddc/files/a58b36458ee046e34b82a6dbe35816a2f7f744ff8654e9ef3b26b715cecd7347 [none]
[debug] [2022-11-21T14:30:27.950Z] >>> [apiv2][body] POST https://upload-firebasehosting.googleapis.com/upload/sites/doctors-portal-db217/versions/9e22001790bb8ddc/files/a58b36458ee046e34b82a6dbe35816a2f7f744ff8654e9ef3b26b715cecd7347 [stream]
[debug] [2022-11-21T14:30:27.954Z] [uploadQueue] Retrying task 181943aa7d4eeef4610c8fc86db996b01423e359fcf612e664b96a9aace4023e
[debug] [2022-11-21T14:30:27.956Z] >>> [apiv2][query] POST https://upload-firebasehosting.googleapis.com/upload/sites/doctors-portal-db217/versions/9e22001790bb8ddc/files/181943aa7d4eeef4610c8fc86db996b01423e359fcf612e664b96a9aace4023e [none]
[debug] [2022-11-21T14:30:27.956Z] >>> [apiv2][body] POST https://upload-firebasehosting.googleapis.com/upload/sites/doctors-portal-db217/versions/9e22001790bb8ddc/files/181943aa7d4eeef4610c8fc86db996b01423e359fcf612e664b96a9aace4023e [stream]
[debug] [2022-11-21T14:30:27.960Z] [uploadQueue] Retrying task 988eaf7855170a86758d4b3b4eae40c9943df7277c8a1bd1d3b7b7473ab794ae
[debug] [2022-11-21T14:30:27.962Z] >>> [apiv2][query] POST https://upload-firebasehosting.googleapis.com/upload/sites/doctors-portal-db217/versions/9e22001790bb8ddc/files/988eaf7855170a86758d4b3b4eae40c9943df7277c8a1bd1d3b7b7473ab794ae [none]
[debug] [2022-11-21T14:30:27.962Z] >>> [apiv2][body] POST https://upload-firebasehosting.googleapis.com/upload/sites/doctors-portal-db217/versions/9e22001790bb8ddc/files/988eaf7855170a86758d4b3b4eae40c9943df7277c8a1bd1d3b7b7473ab794ae [stream]
[debug] [2022-11-21T14:30:29.218Z] <<< [apiv2][status] POST https://upload-firebasehosting.googleapis.com/upload/sites/doctors-portal-db217/versions/9e22001790bb8ddc/files/37f25976f205ee9a927af3e49cb74fd107397250fd2bb4751ae55f8b0f15daa8 200
[debug] [2022-11-21T14:30:29.219Z] <<< [apiv2][body] POST https://upload-firebasehosting.googleapis.com/upload/sites/doctors-portal-db217/versions/9e22001790bb8ddc/files/37f25976f205ee9a927af3e49cb74fd107397250fd2bb4751ae55f8b0f15daa8 [stream]
[debug] [2022-11-21T14:30:42.195Z] [uploadQueue] Retrying task 4f4ffbeaecbe51a38b9c0c2e3393fbeb57ec2d1566c37f091fd8f2fff79666df
[debug] [2022-11-21T14:30:42.198Z] >>> [apiv2][query] POST https://upload-firebasehosting.googleapis.com/upload/sites/doctors-portal-db217/versions/9e22001790bb8ddc/files/4f4ffbeaecbe51a38b9c0c2e3393fbeb57ec2d1566c37f091fd8f2fff79666df [none]
[debug] [2022-11-21T14:30:42.199Z] >>> [apiv2][body] POST https://upload-firebasehosting.googleapis.com/upload/sites/doctors-portal-db217/versions/9e22001790bb8ddc/files/4f4ffbeaecbe51a38b9c0c2e3393fbeb57ec2d1566c37f091fd8f2fff79666df [stream]
[debug] [2022-11-21T14:30:58.732Z] [uploadQueue] Retrying task cb5d98d016287f978e10b37c56dc6d64a545a1af06a89dcd5f98bc213614bfaa
[debug] [2022-11-21T14:30:58.734Z] >>> [apiv2][query] POST https://upload-firebasehosting.googleapis.com/upload/sites/doctors-portal-db217/versions/9e22001790bb8ddc/files/cb5d98d016287f978e10b37c56dc6d64a545a1af06a89dcd5f98bc213614bfaa [none]
[debug] [2022-11-21T14:30:58.735Z] >>> [apiv2][body] POST https://upload-firebasehosting.googleapis.com/upload/sites/doctors-portal-db217/versions/9e22001790bb8ddc/files/cb5d98d016287f978e10b37c56dc6d64a545a1af06a89dcd5f98bc213614bfaa [stream]
[debug] [2022-11-21T14:30:58.741Z] [uploadQueue] Retrying task 3f049762b651db5bf54da4c48abe86092382bf2d7b61a6c600fe9c1913f99d6e
[debug] [2022-11-21T14:30:58.742Z] >>> [apiv2][query] POST https://upload-firebasehosting.googleapis.com/upload/sites/doctors-portal-db217/versions/9e22001790bb8ddc/files/3f049762b651db5bf54da4c48abe86092382bf2d7b61a6c600fe9c1913f99d6e [none]
[debug] [2022-11-21T14:30:58.743Z] >>> [apiv2][body] POST https://upload-firebasehosting.googleapis.com/upload/sites/doctors-portal-db217/versions/9e22001790bb8ddc/files/3f049762b651db5bf54da4c48abe86092382bf2d7b61a6c600fe9c1913f99d6e [stream]
[debug] [2022-11-21T14:30:58.748Z] [uploadQueue] Retrying task 4d0454ebc1973291989ffd1d603324713d20fdf3a8785d50af9a5e4b6e1bbe4f
[debug] [2022-11-21T14:30:58.750Z] >>> [apiv2][query] POST https://upload-firebasehosting.googleapis.com/upload/sites/doctors-portal-db217/versions/9e22001790bb8ddc/files/4d0454ebc1973291989ffd1d603324713d20fdf3a8785d50af9a5e4b6e1bbe4f [none]
[debug] [2022-11-21T14:30:58.750Z] >>> [apiv2][body] POST https://upload-firebasehosting.googleapis.com/upload/sites/doctors-portal-db217/versions/9e22001790bb8ddc/files/4d0454ebc1973291989ffd1d603324713d20fdf3a8785d50af9a5e4b6e1bbe4f [stream]
[debug] [2022-11-21T14:30:58.754Z] [uploadQueue] Retrying task b612eade861cff5c89df42505ca28ff4a698e1439a7703e8d4fefd69e3fdf672
[debug] [2022-11-21T14:30:58.755Z] >>> [apiv2][query] POST https://upload-firebasehosting.googleapis.com/upload/sites/doctors-portal-db217/versions/9e22001790bb8ddc/files/b612eade861cff5c89df42505ca28ff4a698e1439a7703e8d4fefd69e3fdf672 [none]
[debug] [2022-11-21T14:30:58.755Z] >>> [apiv2][body] POST https://upload-firebasehosting.googleapis.com/upload/sites/doctors-portal-db217/versions/9e22001790bb8ddc/files/b612eade861cff5c89df42505ca28ff4a698e1439a7703e8d4fefd69e3fdf672 [stream]
[debug] [2022-11-21T14:30:58.758Z] [uploadQueue] Retrying task a58b36458ee046e34b82a6dbe35816a2f7f744ff8654e9ef3b26b715cecd7347
[debug] [2022-11-21T14:30:58.760Z] >>> [apiv2][query] POST https://upload-firebasehosting.googleapis.com/upload/sites/doctors-portal-db217/versions/9e22001790bb8ddc/files/a58b36458ee046e34b82a6dbe35816a2f7f744ff8654e9ef3b26b715cecd7347 [none]
[debug] [2022-11-21T14:30:58.760Z] >>> [apiv2][body] POST https://upload-firebasehosting.googleapis.com/upload/sites/doctors-portal-db217/versions/9e22001790bb8ddc/files/a58b36458ee046e34b82a6dbe35816a2f7f744ff8654e9ef3b26b715cecd7347 [stream]
[debug] [2022-11-21T14:30:58.769Z] [uploadQueue] Retrying task 181943aa7d4eeef4610c8fc86db996b01423e359fcf612e664b96a9aace4023e
[debug] [2022-11-21T14:30:58.770Z] >>> [apiv2][query] POST https://upload-firebasehosting.googleapis.com/upload/sites/doctors-portal-db217/versions/9e22001790bb8ddc/files/181943aa7d4eeef4610c8fc86db996b01423e359fcf612e664b96a9aace4023e [none]
[debug] [2022-11-21T14:30:58.771Z] >>> [apiv2][body] POST https://upload-firebasehosting.googleapis.com/upload/sites/doctors-portal-db217/versions/9e22001790bb8ddc/files/181943aa7d4eeef4610c8fc86db996b01423e359fcf612e664b96a9aace4023e [stream]
[debug] [2022-11-21T14:30:58.776Z] [uploadQueue] Retrying task 988eaf7855170a86758d4b3b4eae40c9943df7277c8a1bd1d3b7b7473ab794ae
[debug] [2022-11-21T14:30:58.778Z] >>> [apiv2][query] POST https://upload-firebasehosting.googleapis.com/upload/sites/doctors-portal-db217/versions/9e22001790bb8ddc/files/988eaf7855170a86758d4b3b4eae40c9943df7277c8a1bd1d3b7b7473ab794ae [none]
[debug] [2022-11-21T14:30:58.778Z] >>> [apiv2][body] POST https://upload-firebasehosting.googleapis.com/upload/sites/doctors-portal-db217/versions/9e22001790bb8ddc/files/988eaf7855170a86758d4b3b4eae40c9943df7277c8a1bd1d3b7b7473ab794ae [stream]
[debug] [2022-11-21T14:31:27.281Z] [uploadQueue] Retrying task 4f4ffbeaecbe51a38b9c0c2e3393fbeb57ec2d1566c37f091fd8f2fff79666df
[debug] [2022-11-21T14:31:27.284Z] >>> [apiv2][query] POST https://upload-firebasehosting.googleapis.com/upload/sites/doctors-portal-db217/versions/9e22001790bb8ddc/files/4f4ffbeaecbe51a38b9c0c2e3393fbeb57ec2d1566c37f091fd8f2fff79666df [none]
[debug] [2022-11-21T14:31:27.284Z] >>> [apiv2][body] POST https://upload-firebasehosting.googleapis.com/upload/sites/doctors-portal-db217/versions/9e22001790bb8ddc/files/4f4ffbeaecbe51a38b9c0c2e3393fbeb57ec2d1566c37f091fd8f2fff79666df [stream]
[debug] [2022-11-21T14:31:30.361Z] [uploadQueue] Retrying task cb5d98d016287f978e10b37c56dc6d64a545a1af06a89dcd5f98bc213614bfaa
[debug] [2022-11-21T14:31:30.363Z] >>> [apiv2][query] POST https://upload-firebasehosting.googleapis.com/upload/sites/doctors-portal-db217/versions/9e22001790bb8ddc/files/cb5d98d016287f978e10b37c56dc6d64a545a1af06a89dcd5f98bc213614bfaa [none]
[debug] [2022-11-21T14:31:30.363Z] >>> [apiv2][body] POST https://upload-firebasehosting.googleapis.com/upload/sites/doctors-portal-db217/versions/9e22001790bb8ddc/files/cb5d98d016287f978e10b37c56dc6d64a545a1af06a89dcd5f98bc213614bfaa [stream]
[debug] [2022-11-21T14:31:30.367Z] [uploadQueue] Retrying task 3f049762b651db5bf54da4c48abe86092382bf2d7b61a6c600fe9c1913f99d6e
[debug] [2022-11-21T14:31:30.368Z] >>> [apiv2][query] POST https://upload-firebasehosting.googleapis.com/upload/sites/doctors-portal-db217/versions/9e22001790bb8ddc/files/3f049762b651db5bf54da4c48abe86092382bf2d7b61a6c600fe9c1913f99d6e [none]
[debug] [2022-11-21T14:31:30.368Z] >>> [apiv2][body] POST https://upload-firebasehosting.googleapis.com/upload/sites/doctors-portal-db217/versions/9e22001790bb8ddc/files/3f049762b651db5bf54da4c48abe86092382bf2d7b61a6c600fe9c1913f99d6e [stream]
[debug] [2022-11-21T14:31:30.372Z] [uploadQueue] Retrying task 4d0454ebc1973291989ffd1d603324713d20fdf3a8785d50af9a5e4b6e1bbe4f
[debug] [2022-11-21T14:31:30.373Z] >>> [apiv2][query] POST https://upload-firebasehosting.googleapis.com/upload/sites/doctors-portal-db217/versions/9e22001790bb8ddc/files/4d0454ebc1973291989ffd1d603324713d20fdf3a8785d50af9a5e4b6e1bbe4f [none]
[debug] [2022-11-21T14:31:30.374Z] >>> [apiv2][body] POST https://upload-firebasehosting.googleapis.com/upload/sites/doctors-portal-db217/versions/9e22001790bb8ddc/files/4d0454ebc1973291989ffd1d603324713d20fdf3a8785d50af9a5e4b6e1bbe4f [stream]
[debug] [2022-11-21T14:31:30.378Z] [uploadQueue] Retrying task b612eade861cff5c89df42505ca28ff4a698e1439a7703e8d4fefd69e3fdf672
[debug] [2022-11-21T14:31:30.379Z] >>> [apiv2][query] POST https://upload-firebasehosting.googleapis.com/upload/sites/doctors-portal-db217/versions/9e22001790bb8ddc/files/b612eade861cff5c89df42505ca28ff4a698e1439a7703e8d4fefd69e3fdf672 [none]
[debug] [2022-11-21T14:31:30.379Z] >>> [apiv2][body] POST https://upload-firebasehosting.googleapis.com/upload/sites/doctors-portal-db217/versions/9e22001790bb8ddc/files/b612eade861cff5c89df42505ca28ff4a698e1439a7703e8d4fefd69e3fdf672 [stream]
[debug] [2022-11-21T14:31:30.383Z] [uploadQueue] Retrying task a58b36458ee046e34b82a6dbe35816a2f7f744ff8654e9ef3b26b715cecd7347
[debug] [2022-11-21T14:31:30.384Z] >>> [apiv2][query] POST https://upload-firebasehosting.googleapis.com/upload/sites/doctors-portal-db217/versions/9e22001790bb8ddc/files/a58b36458ee046e34b82a6dbe35816a2f7f744ff8654e9ef3b26b715cecd7347 [none]
[debug] [2022-11-21T14:31:30.384Z] >>> [apiv2][body] POST https://upload-firebasehosting.googleapis.com/upload/sites/doctors-portal-db217/versions/9e22001790bb8ddc/files/a58b36458ee046e34b82a6dbe35816a2f7f744ff8654e9ef3b26b715cecd7347 [stream]
[debug] [2022-11-21T14:31:30.391Z] [uploadQueue] Retrying task 181943aa7d4eeef4610c8fc86db996b01423e359fcf612e664b96a9aace4023e
[debug] [2022-11-21T14:31:30.393Z] >>> [apiv2][query] POST https://upload-firebasehosting.googleapis.com/upload/sites/doctors-portal-db217/versions/9e22001790bb8ddc/files/181943aa7d4eeef4610c8fc86db996b01423e359fcf612e664b96a9aace4023e [none]
[debug] [2022-11-21T14:31:30.393Z] >>> [apiv2][body] POST https://upload-firebasehosting.googleapis.com/upload/sites/doctors-portal-db217/versions/9e22001790bb8ddc/files/181943aa7d4eeef4610c8fc86db996b01423e359fcf612e664b96a9aace4023e [stream]
[debug] [2022-11-21T14:31:30.399Z] [uploadQueue] Retrying task 988eaf7855170a86758d4b3b4eae40c9943df7277c8a1bd1d3b7b7473ab794ae
[debug] [2022-11-21T14:31:30.400Z] >>> [apiv2][query] POST https://upload-firebasehosting.googleapis.com/upload/sites/doctors-portal-db217/versions/9e22001790bb8ddc/files/988eaf7855170a86758d4b3b4eae40c9943df7277c8a1bd1d3b7b7473ab794ae [none]
[debug] [2022-11-21T14:31:30.400Z] >>> [apiv2][body] POST https://upload-firebasehosting.googleapis.com/upload/sites/doctors-portal-db217/versions/9e22001790bb8ddc/files/988eaf7855170a86758d4b3b4eae40c9943df7277c8a1bd1d3b7b7473ab794ae [stream]
[debug] [2022-11-21T14:31:49.981Z] [uploadQueue] Retrying task 4f4ffbeaecbe51a38b9c0c2e3393fbeb57ec2d1566c37f091fd8f2fff79666df
[debug] [2022-11-21T14:31:49.983Z] >>> [apiv2][query] POST https://upload-firebasehosting.googleapis.com/upload/sites/doctors-portal-db217/versions/9e22001790bb8ddc/files/4f4ffbeaecbe51a38b9c0c2e3393fbeb57ec2d1566c37f091fd8f2fff79666df [none]
[debug] [2022-11-21T14:31:49.983Z] >>> [apiv2][body] POST https://upload-firebasehosting.googleapis.com/upload/sites/doctors-portal-db217/versions/9e22001790bb8ddc/files/4f4ffbeaecbe51a38b9c0c2e3393fbeb57ec2d1566c37f091fd8f2fff79666df [stream]
[debug] [2022-11-21T14:31:54.628Z] [uploadQueue] Retrying task b612eade861cff5c89df42505ca28ff4a698e1439a7703e8d4fefd69e3fdf672
[debug] [2022-11-21T14:31:54.630Z] >>> [apiv2][query] POST https://upload-firebasehosting.googleapis.com/upload/sites/doctors-portal-db217/versions/9e22001790bb8ddc/files/b612eade861cff5c89df42505ca28ff4a698e1439a7703e8d4fefd69e3fdf672 [none]
[debug] [2022-11-21T14:31:54.630Z] >>> [apiv2][body] POST https://upload-firebasehosting.googleapis.com/upload/sites/doctors-portal-db217/versions/9e22001790bb8ddc/files/b612eade861cff5c89df42505ca28ff4a698e1439a7703e8d4fefd69e3fdf672 [stream]
[debug] [2022-11-21T14:31:54.634Z] [uploadQueue] Retrying task 4d0454ebc1973291989ffd1d603324713d20fdf3a8785d50af9a5e4b6e1bbe4f
[debug] [2022-11-21T14:31:54.635Z] >>> [apiv2][query] POST https://upload-firebasehosting.googleapis.com/upload/sites/doctors-portal-db217/versions/9e22001790bb8ddc/files/4d0454ebc1973291989ffd1d603324713d20fdf3a8785d50af9a5e4b6e1bbe4f [none]
[debug] [2022-11-21T14:31:54.636Z] >>> [apiv2][body] POST https://upload-firebasehosting.googleapis.com/upload/sites/doctors-portal-db217/versions/9e22001790bb8ddc/files/4d0454ebc1973291989ffd1d603324713d20fdf3a8785d50af9a5e4b6e1bbe4f [stream]
[debug] [2022-11-21T14:31:54.654Z] [uploadQueue] Retrying task 181943aa7d4eeef4610c8fc86db996b01423e359fcf612e664b96a9aace4023e
[debug] [2022-11-21T14:31:54.655Z] >>> [apiv2][query] POST https://upload-firebasehosting.googleapis.com/upload/sites/doctors-portal-db217/versions/9e22001790bb8ddc/files/181943aa7d4eeef4610c8fc86db996b01423e359fcf612e664b96a9aace4023e [none]
[debug] [2022-11-21T14:31:54.656Z] >>> [apiv2][body] POST https://upload-firebasehosting.googleapis.com/upload/sites/doctors-portal-db217/versions/9e22001790bb8ddc/files/181943aa7d4eeef4610c8fc86db996b01423e359fcf612e664b96a9aace4023e [stream]
[debug] [2022-11-21T14:31:54.659Z] [uploadQueue] Retrying task a58b36458ee046e34b82a6dbe35816a2f7f744ff8654e9ef3b26b715cecd7347
[debug] [2022-11-21T14:31:54.660Z] >>> [apiv2][query] POST https://upload-firebasehosting.googleapis.com/upload/sites/doctors-portal-db217/versions/9e22001790bb8ddc/files/a58b36458ee046e34b82a6dbe35816a2f7f744ff8654e9ef3b26b715cecd7347 [none]
[debug] [2022-11-21T14:31:54.661Z] >>> [apiv2][body] POST https://upload-firebasehosting.googleapis.com/upload/sites/doctors-portal-db217/versions/9e22001790bb8ddc/files/a58b36458ee046e34b82a6dbe35816a2f7f744ff8654e9ef3b26b715cecd7347 [stream]
[debug] [2022-11-21T14:31:54.663Z] [uploadQueue] Retrying task cb5d98d016287f978e10b37c56dc6d64a545a1af06a89dcd5f98bc213614bfaa
[debug] [2022-11-21T14:31:54.664Z] >>> [apiv2][query] POST https://upload-firebasehosting.googleapis.com/upload/sites/doctors-portal-db217/versions/9e22001790bb8ddc/files/cb5d98d016287f978e10b37c56dc6d64a545a1af06a89dcd5f98bc213614bfaa [none]
[debug] [2022-11-21T14:31:54.665Z] >>> [apiv2][body] POST https://upload-firebasehosting.googleapis.com/upload/sites/doctors-portal-db217/versions/9e22001790bb8ddc/files/cb5d98d016287f978e10b37c56dc6d64a545a1af06a89dcd5f98bc213614bfaa [stream]
[debug] [2022-11-21T14:31:54.668Z] [uploadQueue] Retrying task 3f049762b651db5bf54da4c48abe86092382bf2d7b61a6c600fe9c1913f99d6e
[debug] [2022-11-21T14:31:54.669Z] >>> [apiv2][query] POST https://upload-firebasehosting.googleapis.com/upload/sites/doctors-portal-db217/versions/9e22001790bb8ddc/files/3f049762b651db5bf54da4c48abe86092382bf2d7b61a6c600fe9c1913f99d6e [none]
[debug] [2022-11-21T14:31:54.670Z] >>> [apiv2][body] POST https://upload-firebasehosting.googleapis.com/upload/sites/doctors-portal-db217/versions/9e22001790bb8ddc/files/3f049762b651db5bf54da4c48abe86092382bf2d7b61a6c600fe9c1913f99d6e [stream]
[debug] [2022-11-21T14:31:54.673Z] [uploadQueue] Retrying task 988eaf7855170a86758d4b3b4eae40c9943df7277c8a1bd1d3b7b7473ab794ae
[debug] [2022-11-21T14:31:54.674Z] >>> [apiv2][query] POST https://upload-firebasehosting.googleapis.com/upload/sites/doctors-portal-db217/versions/9e22001790bb8ddc/files/988eaf7855170a86758d4b3b4eae40c9943df7277c8a1bd1d3b7b7473ab794ae [none]
[debug] [2022-11-21T14:31:54.675Z] >>> [apiv2][body] POST https://upload-firebasehosting.googleapis.com/upload/sites/doctors-portal-db217/versions/9e22001790bb8ddc/files/988eaf7855170a86758d4b3b4eae40c9943df7277c8a1bd1d3b7b7473ab794ae [stream]
[debug] [2022-11-21T14:32:14.224Z] [uploadQueue] Retrying task 4f4ffbeaecbe51a38b9c0c2e3393fbeb57ec2d1566c37f091fd8f2fff79666df
[debug] [2022-11-21T14:32:14.226Z] >>> [apiv2][query] POST https://upload-firebasehosting.googleapis.com/upload/sites/doctors-portal-db217/versions/9e22001790bb8ddc/files/4f4ffbeaecbe51a38b9c0c2e3393fbeb57ec2d1566c37f091fd8f2fff79666df [none]
[debug] [2022-11-21T14:32:14.227Z] >>> [apiv2][body] POST https://upload-firebasehosting.googleapis.com/upload/sites/doctors-portal-db217/versions/9e22001790bb8ddc/files/4f4ffbeaecbe51a38b9c0c2e3393fbeb57ec2d1566c37f091fd8f2fff79666df [stream]
[debug] [2022-11-21T14:32:22.076Z] [uploadQueue] Retrying task 4d0454ebc1973291989ffd1d603324713d20fdf3a8785d50af9a5e4b6e1bbe4f
[debug] [2022-11-21T14:32:22.078Z] >>> [apiv2][query] POST https://upload-firebasehosting.googleapis.com/upload/sites/doctors-portal-db217/versions/9e22001790bb8ddc/files/4d0454ebc1973291989ffd1d603324713d20fdf3a8785d50af9a5e4b6e1bbe4f [none]
[debug] [2022-11-21T14:32:22.079Z] >>> [apiv2][body] POST https://upload-firebasehosting.googleapis.com/upload/sites/doctors-portal-db217/versions/9e22001790bb8ddc/files/4d0454ebc1973291989ffd1d603324713d20fdf3a8785d50af9a5e4b6e1bbe4f [stream]
[debug] [2022-11-21T14:32:22.083Z] [uploadQueue] Retrying task b612eade861cff5c89df42505ca28ff4a698e1439a7703e8d4fefd69e3fdf672
[debug] [2022-11-21T14:32:22.084Z] >>> [apiv2][query] POST https://upload-firebasehosting.googleapis.com/upload/sites/doctors-portal-db217/versions/9e22001790bb8ddc/files/b612eade861cff5c89df42505ca28ff4a698e1439a7703e8d4fefd69e3fdf672 [none]
[debug] [2022-11-21T14:32:22.084Z] >>> [apiv2][body] POST https://upload-firebasehosting.googleapis.com/upload/sites/doctors-portal-db217/versions/9e22001790bb8ddc/files/b612eade861cff5c89df42505ca28ff4a698e1439a7703e8d4fefd69e3fdf672 [stream]
[debug] [2022-11-21T14:32:22.117Z] [uploadQueue] Retrying task a58b36458ee046e34b82a6dbe35816a2f7f744ff8654e9ef3b26b715cecd7347
[debug] [2022-11-21T14:32:22.120Z] >>> [apiv2][query] POST https://upload-firebasehosting.googleapis.com/upload/sites/doctors-portal-db217/versions/9e22001790bb8ddc/files/a58b36458ee046e34b82a6dbe35816a2f7f744ff8654e9ef3b26b715cecd7347 [none]
[debug] [2022-11-21T14:32:22.120Z] >>> [apiv2][body] POST https://upload-firebasehosting.googleapis.com/upload/sites/doctors-portal-db217/versions/9e22001790bb8ddc/files/a58b36458ee046e34b82a6dbe35816a2f7f744ff8654e9ef3b26b715cecd7347 [stream]
[debug] [2022-11-21T14:32:22.132Z] [uploadQueue] Retrying task cb5d98d016287f978e10b37c56dc6d64a545a1af06a89dcd5f98bc213614bfaa
[debug] [2022-11-21T14:32:22.134Z] >>> [apiv2][query] POST https://upload-firebasehosting.googleapis.com/upload/sites/doctors-portal-db217/versions/9e22001790bb8ddc/files/cb5d98d016287f978e10b37c56dc6d64a545a1af06a89dcd5f98bc213614bfaa [none]
[debug] [2022-11-21T14:32:22.134Z] >>> [apiv2][body] POST https://upload-firebasehosting.googleapis.com/upload/sites/doctors-portal-db217/versions/9e22001790bb8ddc/files/cb5d98d016287f978e10b37c56dc6d64a545a1af06a89dcd5f98bc213614bfaa [stream]
[debug] [2022-11-21T14:32:22.140Z] [uploadQueue] Retrying task 3f049762b651db5bf54da4c48abe86092382bf2d7b61a6c600fe9c1913f99d6e
[debug] [2022-11-21T14:32:22.143Z] >>> [apiv2][query] POST https://upload-firebasehosting.googleapis.com/upload/sites/doctors-portal-db217/versions/9e22001790bb8ddc/files/3f049762b651db5bf54da4c48abe86092382bf2d7b61a6c600fe9c1913f99d6e [none]
[debug] [2022-11-21T14:32:22.143Z] >>> [apiv2][body] POST https://upload-firebasehosting.googleapis.com/upload/sites/doctors-portal-db217/versions/9e22001790bb8ddc/files/3f049762b651db5bf54da4c48abe86092382bf2d7b61a6c600fe9c1913f99d6e [stream]
[debug] [2022-11-21T14:32:22.153Z] [uploadQueue] Retrying task 988eaf7855170a86758d4b3b4eae40c9943df7277c8a1bd1d3b7b7473ab794ae
[debug] [2022-11-21T14:32:22.155Z] >>> [apiv2][query] POST https://upload-firebasehosting.googleapis.com/upload/sites/doctors-portal-db217/versions/9e22001790bb8ddc/files/988eaf7855170a86758d4b3b4eae40c9943df7277c8a1bd1d3b7b7473ab794ae [none]
[debug] [2022-11-21T14:32:22.155Z] >>> [apiv2][body] POST https://upload-firebasehosting.googleapis.com/upload/sites/doctors-portal-db217/versions/9e22001790bb8ddc/files/988eaf7855170a86758d4b3b4eae40c9943df7277c8a1bd1d3b7b7473ab794ae [stream]
[debug] [2022-11-21T14:32:22.160Z] [uploadQueue] Retrying task 181943aa7d4eeef4610c8fc86db996b01423e359fcf612e664b96a9aace4023e
[debug] [2022-11-21T14:32:22.162Z] >>> [apiv2][query] POST https://upload-firebasehosting.googleapis.com/upload/sites/doctors-portal-db217/versions/9e22001790bb8ddc/files/181943aa7d4eeef4610c8fc86db996b01423e359fcf612e664b96a9aace4023e [none]
[debug] [2022-11-21T14:32:22.163Z] >>> [apiv2][body] POST https://upload-firebasehosting.googleapis.com/upload/sites/doctors-portal-db217/versions/9e22001790bb8ddc/files/181943aa7d4eeef4610c8fc86db996b01423e359fcf612e664b96a9aace4023e [stream]
[debug] Task 4d0454ebc1973291989ffd1d603324713d20fdf3a8785d50af9a5e4b6e1bbe4f failed: retries exhausted after 6 attempts, with error: Timeout reached making request to https://upload-firebasehosting.googleapis.com/upload/sites/doctors-portal-db217/versions/9e22001790bb8ddc/files/4d0454ebc1973291989ffd1d603324713d20fdf3a8785d50af9a5e4b6e1bbe4f
[debug] [2022-11-21T14:32:52.083Z] [hosting][upload queue][FINAL] {"max":20798,"min":5405,"avg":12764.117647058823,"active":7,"complete":18,"success":17,"errored":1,"retried":40,"total":25,"elapsed":174583}
[debug] Task b612eade861cff5c89df42505ca28ff4a698e1439a7703e8d4fefd69e3fdf672 failed: retries exhausted after 6 attempts, with error: Timeout reached making request to https://upload-firebasehosting.googleapis.com/upload/sites/doctors-portal-db217/versions/9e22001790bb8ddc/files/b612eade861cff5c89df42505ca28ff4a698e1439a7703e8d4fefd69e3fdf672
[debug] Task a58b36458ee046e34b82a6dbe35816a2f7f744ff8654e9ef3b26b715cecd7347 failed: retries exhausted after 6 attempts, with error: Timeout reached making request to https://upload-firebasehosting.googleapis.com/upload/sites/doctors-portal-db217/versions/9e22001790bb8ddc/files/a58b36458ee046e34b82a6dbe35816a2f7f744ff8654e9ef3b26b715cecd7347
[debug] Task cb5d98d016287f978e10b37c56dc6d64a545a1af06a89dcd5f98bc213614bfaa failed: retries exhausted after 6 attempts, with error: Timeout reached making request to https://upload-firebasehosting.googleapis.com/upload/sites/doctors-portal-db217/versions/9e22001790bb8ddc/files/cb5d98d016287f978e10b37c56dc6d64a545a1af06a89dcd5f98bc213614bfaa
[debug] Task 3f049762b651db5bf54da4c48abe86092382bf2d7b61a6c600fe9c1913f99d6e failed: retries exhausted after 6 attempts, with error: Timeout reached making request to https://upload-firebasehosting.googleapis.com/upload/sites/doctors-portal-db217/versions/9e22001790bb8ddc/files/3f049762b651db5bf54da4c48abe86092382bf2d7b61a6c600fe9c1913f99d6e
[debug] Task 988eaf7855170a86758d4b3b4eae40c9943df7277c8a1bd1d3b7b7473ab794ae failed: retries exhausted after 6 attempts, with error: Timeout reached making request to https://upload-firebasehosting.googleapis.com/upload/sites/doctors-portal-db217/versions/9e22001790bb8ddc/files/988eaf7855170a86758d4b3b4eae40c9943df7277c8a1bd1d3b7b7473ab794ae
[debug] Task 181943aa7d4eeef4610c8fc86db996b01423e359fcf612e664b96a9aace4023e failed: retries exhausted after 6 attempts, with error: Timeout reached making request to https://upload-firebasehosting.googleapis.com/upload/sites/doctors-portal-db217/versions/9e22001790bb8ddc/files/181943aa7d4eeef4610c8fc86db996b01423e359fcf612e664b96a9aace4023e
[debug] [2022-11-21T14:32:57.123Z] Error: Timed out.
    at Timeout._onTimeout (C:\Users\WALTON\AppData\Roaming\npm\node_modules\firebase-tools\lib\utils.js:253:49)
    at listOnTimeout (node:internal/timers:559:17)
    at processTimers (node:internal/timers:502:7)
[error] 
[error] Error: An unexpected error has occurred.
